<?xml version="1.0" encoding="UTF-8"?>
<testng-results skipped="0" failed="0" total="1" passed="1">
  <reporter-output>
  </reporter-output>
  <suite name="Suite" duration-ms="18" started-at="2023-01-29T14:06:16Z" finished-at="2023-01-29T14:06:16Z">
    <groups>
    </groups>
    <test name="Test" duration-ms="18" started-at="2023-01-29T14:06:16Z" finished-at="2023-01-29T14:06:16Z">
      <class name="Sample.Practise.FirstCode">
        <test-method status="PASS" signature="login()[pri:0, instance:Sample.Practise.FirstCode@7c417213]" name="login" duration-ms="7" started-at="2023-01-29T19:36:16Z" finished-at="2023-01-29T19:36:16Z">
          <reporter-output>
          </reporter-output>
        </test-method> <!-- login -->
      </class> <!-- Sample.Practise.FirstCode -->
    </test> <!-- Test -->
  </suite> <!-- Suite -->
</testng-results>
